Started GET "/" for 127.0.0.1 at 2018-10-15 15:43:39 -0400

PG::ConnectionBad - FATAL:  database "bench_bnb_development" does not exist
:

Started POST "/__better_errors/6e7507dc5421d7cb/variables" for 127.0.0.1 at 2018-10-15 15:43:40 -0400
  [1m[35m (245.5ms)[0m  [1m[35mCREATE DATABASE "bench_bnb_development" ENCODING = 'unicode'[0m
  [1m[35m (250.0ms)[0m  [1m[35mCREATE DATABASE "bench_bnb_test" ENCODING = 'unicode'[0m
  [1m[35mSQL (0.3ms)[0m  [1m[35mCREATE EXTENSION IF NOT EXISTS "plpgsql"[0m
  [1m[35m (0.2ms)[0m  [1m[35mDROP TABLE IF EXISTS "active_storage_attachments" CASCADE[0m
  [1m[35m (15.1ms)[0m  [1m[35mCREATE TABLE "active_storage_attachments" ("id" bigserial primary key, "name" character varying NOT NULL, "record_type" character varying NOT NULL, "record_id" bigint NOT NULL, "blob_id" bigint NOT NULL, "created_at" timestamp NOT NULL)[0m
  [1m[35m (7.9ms)[0m  [1m[35mCREATE  INDEX  "index_active_storage_attachments_on_blob_id" ON "active_storage_attachments"  ("blob_id")[0m
  [1m[35m (9.7ms)[0m  [1m[35mCREATE UNIQUE INDEX  "index_active_storage_attachments_uniqueness" ON "active_storage_attachments"  ("record_type", "record_id", "name", "blob_id")[0m
  [1m[35m (0.4ms)[0m  [1m[35mDROP TABLE IF EXISTS "active_storage_blobs" CASCADE[0m
  [1m[35m (18.2ms)[0m  [1m[35mCREATE TABLE "active_storage_blobs" ("id" bigserial primary key, "key" character varying NOT NULL, "filename" character varying NOT NULL, "content_type" character varying, "metadata" text, "byte_size" bigint NOT NULL, "checksum" character varying NOT NULL, "created_at" timestamp NOT NULL)[0m
  [1m[35m (9.0ms)[0m  [1m[35mCREATE UNIQUE INDEX  "index_active_storage_blobs_on_key" ON "active_storage_blobs"  ("key")[0m
  [1m[35m (0.4ms)[0m  [1m[35mDROP TABLE IF EXISTS "benches" CASCADE[0m
  [1m[35m (17.3ms)[0m  [1m[35mCREATE TABLE "benches" ("id" bigserial primary key, "description" character varying, "lat" float, "lng" float, "seating" integer DEFAULT 2 NOT NULL, "picture_url" character varying, "created_at" timestamp NOT NULL, "updated_at" timestamp NOT NULL)[0m
  [1m[35m (0.6ms)[0m  [1m[35mDROP TABLE IF EXISTS "favorites" CASCADE[0m
  [1m[35m (11.1ms)[0m  [1m[35mCREATE TABLE "favorites" ("id" bigserial primary key, "user_id" integer NOT NULL, "bench_id" integer NOT NULL, "created_at" timestamp NOT NULL, "updated_at" timestamp NOT NULL)[0m
  [1m[35m (9.0ms)[0m  [1m[35mCREATE UNIQUE INDEX  "index_favorites_on_bench_id_and_user_id" ON "favorites"  ("bench_id", "user_id")[0m
  [1m[35m (8.6ms)[0m  [1m[35mCREATE  INDEX  "index_favorites_on_bench_id" ON "favorites"  ("bench_id")[0m
  [1m[35m (8.7ms)[0m  [1m[35mCREATE  INDEX  "index_favorites_on_user_id" ON "favorites"  ("user_id")[0m
  [1m[35m (0.5ms)[0m  [1m[35mDROP TABLE IF EXISTS "reviews" CASCADE[0m
  [1m[35m (17.9ms)[0m  [1m[35mCREATE TABLE "reviews" ("id" bigserial primary key, "body" character varying DEFAULT '' NOT NULL, "rating" integer NOT NULL, "bench_id" integer NOT NULL, "created_at" timestamp NOT NULL, "updated_at" timestamp NOT NULL, "author_id" integer NOT NULL)[0m
  [1m[35m (9.0ms)[0m  [1m[35mCREATE  INDEX  "index_reviews_on_bench_id" ON "reviews"  ("bench_id")[0m
  [1m[35m (0.5ms)[0m  [1m[35mDROP TABLE IF EXISTS "users" CASCADE[0m
  [1m[35m (17.7ms)[0m  [1m[35mCREATE TABLE "users" ("id" bigserial primary key, "username" character varying NOT NULL, "password_digest" character varying NOT NULL, "session_token" character varying NOT NULL, "created_at" timestamp NOT NULL, "updated_at" timestamp NOT NULL)[0m
  [1m[35m (9.2ms)[0m  [1m[35mCREATE UNIQUE INDEX  "index_users_on_session_token" ON "users"  ("session_token")[0m
  [1m[35m (8.6ms)[0m  [1m[35mCREATE UNIQUE INDEX  "index_users_on_username" ON "users"  ("username")[0m
  [1m[35m (16.4ms)[0m  [1m[35mCREATE TABLE "schema_migrations" ("version" character varying NOT NULL PRIMARY KEY)[0m
  [1m[35m (1.4ms)[0m  [1m[34mSELECT "schema_migrations"."version" FROM "schema_migrations" ORDER BY "schema_migrations"."version" ASC[0m
  [1m[35m (3.1ms)[0m  [1m[32mINSERT INTO "schema_migrations" (version) VALUES (20181001184040)[0m
  [1m[35m (3.3ms)[0m  [1m[32mINSERT INTO "schema_migrations" (version) VALUES
(20180411185240),
(20170802005858),
(20170802010223),
(20170802010041),
(20170802010308);

[0m
  [1m[35m (16.8ms)[0m  [1m[35mCREATE TABLE "ar_internal_metadata" ("key" character varying NOT NULL PRIMARY KEY, "value" character varying, "created_at" timestamp NOT NULL, "updated_at" timestamp NOT NULL)[0m
  [1m[36mActiveRecord::InternalMetadata Load (0.8ms)[0m  [1m[34mSELECT  "ar_internal_metadata".* FROM "ar_internal_metadata" WHERE "ar_internal_metadata"."key" = $1 LIMIT $2[0m  [["key", "environment"], ["LIMIT", 1]]
  [1m[35m (0.4ms)[0m  [1m[35mBEGIN[0m
  [1m[36mActiveRecord::InternalMetadata Create (1.0ms)[0m  [1m[32mINSERT INTO "ar_internal_metadata" ("key", "value", "created_at", "updated_at") VALUES ($1, $2, $3, $4) RETURNING "key"[0m  [["key", "environment"], ["value", "development"], ["created_at", "2018-10-15 19:43:49.629618"], ["updated_at", "2018-10-15 19:43:49.629618"]]
  [1m[35m (2.7ms)[0m  [1m[35mCOMMIT[0m
  [1m[36mActiveRecord::InternalMetadata Load (0.5ms)[0m  [1m[34mSELECT  "ar_internal_metadata".* FROM "ar_internal_metadata" WHERE "ar_internal_metadata"."key" = $1 LIMIT $2[0m  [["key", "environment"], ["LIMIT", 1]]
  [1m[35m (0.3ms)[0m  [1m[35mBEGIN[0m
  [1m[35m (0.3ms)[0m  [1m[35mCOMMIT[0m
  [1m[35mSQL (0.6ms)[0m  [1m[35mCREATE EXTENSION IF NOT EXISTS "plpgsql"[0m
  [1m[35m (0.5ms)[0m  [1m[35mDROP TABLE IF EXISTS "active_storage_attachments" CASCADE[0m
  [1m[35m (19.8ms)[0m  [1m[35mCREATE TABLE "active_storage_attachments" ("id" bigserial primary key, "name" character varying NOT NULL, "record_type" character varying NOT NULL, "record_id" bigint NOT NULL, "blob_id" bigint NOT NULL, "created_at" timestamp NOT NULL)[0m
  [1m[35m (8.0ms)[0m  [1m[35mCREATE  INDEX  "index_active_storage_attachments_on_blob_id" ON "active_storage_attachments"  ("blob_id")[0m
  [1m[35m (9.1ms)[0m  [1m[35mCREATE UNIQUE INDEX  "index_active_storage_attachments_uniqueness" ON "active_storage_attachments"  ("record_type", "record_id", "name", "blob_id")[0m
  [1m[35m (0.6ms)[0m  [1m[35mDROP TABLE IF EXISTS "active_storage_blobs" CASCADE[0m
  [1m[35m (18.5ms)[0m  [1m[35mCREATE TABLE "active_storage_blobs" ("id" bigserial primary key, "key" character varying NOT NULL, "filename" character varying NOT NULL, "content_type" character varying, "metadata" text, "byte_size" bigint NOT NULL, "checksum" character varying NOT NULL, "created_at" timestamp NOT NULL)[0m
  [1m[35m (8.9ms)[0m  [1m[35mCREATE UNIQUE INDEX  "index_active_storage_blobs_on_key" ON "active_storage_blobs"  ("key")[0m
  [1m[35m (0.5ms)[0m  [1m[35mDROP TABLE IF EXISTS "benches" CASCADE[0m
  [1m[35m (18.2ms)[0m  [1m[35mCREATE TABLE "benches" ("id" bigserial primary key, "description" character varying, "lat" float, "lng" float, "seating" integer DEFAULT 2 NOT NULL, "picture_url" character varying, "created_at" timestamp NOT NULL, "updated_at" timestamp NOT NULL)[0m
  [1m[35m (0.5ms)[0m  [1m[35mDROP TABLE IF EXISTS "favorites" CASCADE[0m
  [1m[35m (11.7ms)[0m  [1m[35mCREATE TABLE "favorites" ("id" bigserial primary key, "user_id" integer NOT NULL, "bench_id" integer NOT NULL, "created_at" timestamp NOT NULL, "updated_at" timestamp NOT NULL)[0m
  [1m[35m (8.9ms)[0m  [1m[35mCREATE UNIQUE INDEX  "index_favorites_on_bench_id_and_user_id" ON "favorites"  ("bench_id", "user_id")[0m
  [1m[35m (8.3ms)[0m  [1m[35mCREATE  INDEX  "index_favorites_on_bench_id" ON "favorites"  ("bench_id")[0m
  [1m[35m (9.1ms)[0m  [1m[35mCREATE  INDEX  "index_favorites_on_user_id" ON "favorites"  ("user_id")[0m
  [1m[35m (0.5ms)[0m  [1m[35mDROP TABLE IF EXISTS "reviews" CASCADE[0m
  [1m[35m (19.4ms)[0m  [1m[35mCREATE TABLE "reviews" ("id" bigserial primary key, "body" character varying DEFAULT '' NOT NULL, "rating" integer NOT NULL, "bench_id" integer NOT NULL, "created_at" timestamp NOT NULL, "updated_at" timestamp NOT NULL, "author_id" integer NOT NULL)[0m
  [1m[35m (9.2ms)[0m  [1m[35mCREATE  INDEX  "index_reviews_on_bench_id" ON "reviews"  ("bench_id")[0m
  [1m[35m (0.7ms)[0m  [1m[35mDROP TABLE IF EXISTS "users" CASCADE[0m
  [1m[35m (17.7ms)[0m  [1m[35mCREATE TABLE "users" ("id" bigserial primary key, "username" character varying NOT NULL, "password_digest" character varying NOT NULL, "session_token" character varying NOT NULL, "created_at" timestamp NOT NULL, "updated_at" timestamp NOT NULL)[0m
  [1m[35m (8.8ms)[0m  [1m[35mCREATE UNIQUE INDEX  "index_users_on_session_token" ON "users"  ("session_token")[0m
  [1m[35m (9.0ms)[0m  [1m[35mCREATE UNIQUE INDEX  "index_users_on_username" ON "users"  ("username")[0m
  [1m[35m (14.8ms)[0m  [1m[35mCREATE TABLE "schema_migrations" ("version" character varying NOT NULL PRIMARY KEY)[0m
  [1m[35m (1.0ms)[0m  [1m[34mSELECT "schema_migrations"."version" FROM "schema_migrations" ORDER BY "schema_migrations"."version" ASC[0m
  [1m[35m (3.1ms)[0m  [1m[32mINSERT INTO "schema_migrations" (version) VALUES (20181001184040)[0m
  [1m[35m (2.8ms)[0m  [1m[32mINSERT INTO "schema_migrations" (version) VALUES
(20180411185240),
(20170802005858),
(20170802010223),
(20170802010041),
(20170802010308);

[0m
  [1m[35m (13.8ms)[0m  [1m[35mCREATE TABLE "ar_internal_metadata" ("key" character varying NOT NULL PRIMARY KEY, "value" character varying, "created_at" timestamp NOT NULL, "updated_at" timestamp NOT NULL)[0m
  [1m[36mActiveRecord::InternalMetadata Load (0.5ms)[0m  [1m[34mSELECT  "ar_internal_metadata".* FROM "ar_internal_metadata" WHERE "ar_internal_metadata"."key" = $1 LIMIT $2[0m  [["key", "environment"], ["LIMIT", 1]]
  [1m[35m (0.1ms)[0m  [1m[35mBEGIN[0m
  [1m[36mActiveRecord::InternalMetadata Create (0.6ms)[0m  [1m[32mINSERT INTO "ar_internal_metadata" ("key", "value", "created_at", "updated_at") VALUES ($1, $2, $3, $4) RETURNING "key"[0m  [["key", "environment"], ["value", "development"], ["created_at", "2018-10-15 19:43:49.960207"], ["updated_at", "2018-10-15 19:43:49.960207"]]
  [1m[35m (2.6ms)[0m  [1m[35mCOMMIT[0m
  [1m[36mActiveRecord::InternalMetadata Load (0.6ms)[0m  [1m[34mSELECT  "ar_internal_metadata".* FROM "ar_internal_metadata" WHERE "ar_internal_metadata"."key" = $1 LIMIT $2[0m  [["key", "environment"], ["LIMIT", 1]]
  [1m[35m (0.3ms)[0m  [1m[35mBEGIN[0m
  [1m[36mActiveRecord::InternalMetadata Update (0.5ms)[0m  [1m[33mUPDATE "ar_internal_metadata" SET "value" = $1, "updated_at" = $2 WHERE "ar_internal_metadata"."key" = $3[0m  [["value", "test"], ["updated_at", "2018-10-15 19:43:49.968309"], ["key", "environment"]]
  [1m[35m (2.6ms)[0m  [1m[35mCOMMIT[0m
  [1m[35m (0.9ms)[0m  [1m[34mSELECT "schema_migrations"."version" FROM "schema_migrations" ORDER BY "schema_migrations"."version" ASC[0m
  [1m[36mBench Destroy (0.9ms)[0m  [1m[31mDELETE FROM "benches"[0m
  [1m[36mUser Destroy (0.6ms)[0m  [1m[31mDELETE FROM "users"[0m
  [1m[35m (0.2ms)[0m  [1m[35mBEGIN[0m
  [1m[36mBench Create (0.5ms)[0m  [1m[32mINSERT INTO "benches" ("description", "lat", "lng", "seating", "picture_url", "created_at", "updated_at") VALUES ($1, $2, $3, $4, $5, $6, $7) RETURNING "id"[0m  [["description", "alamo square, many dogs"], ["lat", 37.775769], ["lng", -122.43496], ["seating", 4], ["picture_url", "https://c2.staticflickr.com/4/3035/2309664044_486f5a0327_z.jpg?zz=1"], ["created_at", "2018-10-15 19:43:50.030449"], ["updated_at", "2018-10-15 19:43:50.030449"]]
  [1m[35m (2.5ms)[0m  [1m[35mCOMMIT[0m
  [1m[35m (0.1ms)[0m  [1m[35mBEGIN[0m
  [1m[36mBench Create (0.2ms)[0m  [1m[32mINSERT INTO "benches" ("description", "lat", "lng", "picture_url", "created_at", "updated_at") VALUES ($1, $2, $3, $4, $5, $6) RETURNING "id"[0m  [["description", "UN plaza, food truck access"], ["lat", 37.77976], ["lng", -122.41382], ["picture_url", "http://www.concretedecor.net/CD/assets/Image/archives/CD1405/1405i_Page_32_Image_0001_600.jpg"], ["created_at", "2018-10-15 19:43:50.034887"], ["updated_at", "2018-10-15 19:43:50.034887"]]
  [1m[35m (2.5ms)[0m  [1m[35mCOMMIT[0m
  [1m[35m (0.1ms)[0m  [1m[35mBEGIN[0m
  [1m[36mBench Create (0.3ms)[0m  [1m[32mINSERT INTO "benches" ("description", "lat", "lng", "seating", "picture_url", "created_at", "updated_at") VALUES ($1, $2, $3, $4, $5, $6, $7) RETURNING "id"[0m  [["description", "Ocean Beach, gnarly breh"], ["lat", 37.769996], ["lng", -122.511281], ["seating", 3], ["picture_url", "http://marmaladeandmileposts.com/wp-content/uploads/2012/05/2012-4-16-San-Francisco-Road-Trip-San-Francisco-1301.jpg"], ["created_at", "2018-10-15 19:43:50.038816"], ["updated_at", "2018-10-15 19:43:50.038816"]]
  [1m[35m (2.5ms)[0m  [1m[35mCOMMIT[0m
  [1m[36mUser Load (0.2ms)[0m  [1m[34mSELECT  "users".* FROM "users" WHERE "users"."session_token" = $1 LIMIT $2[0m  [["session_token", "DUrGLpql3tkzCRhZMSBaSA"], ["LIMIT", 1]]
  [1m[35m (0.1ms)[0m  [1m[35mBEGIN[0m
  [1m[36mUser Exists (0.2ms)[0m  [1m[34mSELECT  1 AS one FROM "users" WHERE "users"."username" = $1 LIMIT $2[0m  [["username", "guest"], ["LIMIT", 1]]
  [1m[36mUser Create (0.3ms)[0m  [1m[32mINSERT INTO "users" ("username", "password_digest", "session_token", "created_at", "updated_at") VALUES ($1, $2, $3, $4, $5) RETURNING "id"[0m  [["username", "guest"], ["password_digest", "$2a$10$VcTnaxpGjjT3tyhySkMzx.juy0CRIVqteS5KhIWml3XsK873RfHRG"], ["session_token", "DUrGLpql3tkzCRhZMSBaSA"], ["created_at", "2018-10-15 19:43:50.099636"], ["updated_at", "2018-10-15 19:43:50.099636"]]
  [1m[35m (2.2ms)[0m  [1m[35mCOMMIT[0m
Started GET "/" for 127.0.0.1 at 2018-10-15 15:43:54 -0400
  [1m[35m (0.4ms)[0m  [1m[34mSELECT "schema_migrations"."version" FROM "schema_migrations" ORDER BY "schema_migrations"."version" ASC[0m
Processing by StaticPagesController#root as HTML
  Rendering static_pages/root.html.erb within layouts/application
  Rendered static_pages/root.html.erb within layouts/application (4.7ms)
Completed 200 OK in 1044ms (Views: 1043.2ms | ActiveRecord: 0.0ms)


Started GET "/api/benches?bounds%5BnorthEast%5D%5Blat%5D=37.80788593713507&bounds%5BnorthEast%5D%5Blng%5D=-122.38838165576169&bounds%5BsouthWest%5D%5Blat%5D=37.74004249934129&bounds%5BsouthWest%5D%5Blng%5D=-122.47421234423825&minSeating=1&maxSeating=10" for 127.0.0.1 at 2018-10-15 15:43:56 -0400
Processing by Api::BenchesController#index as JSON
  Parameters: {"bounds"=>{"northEast"=>{"lat"=>"37.80788593713507", "lng"=>"-122.38838165576169"}, "southWest"=>{"lat"=>"37.74004249934129", "lng"=>"-122.47421234423825"}}, "minSeating"=>"1", "maxSeating"=>"10"}
  Rendering api/benches/index.json.jbuilder
  [1m[36mBench Load (0.5ms)[0m  [1m[34mSELECT "benches".* FROM "benches" WHERE (lat < '37.80788593713507') AND (lat > '37.74004249934129') AND (lng > '-122.47421234423825') AND (lng < '-122.38838165576169') AND "benches"."seating" BETWEEN $1 AND $2[0m  [["seating", 1], ["seating", 10]]
  [1m[36mReview Load (0.3ms)[0m  [1m[34mSELECT "reviews".* FROM "reviews" WHERE "reviews"."bench_id" IN ($1, $2)[0m  [["bench_id", 1], ["bench_id", 2]]
  [1m[36mFavorite Load (0.4ms)[0m  [1m[34mSELECT "favorites".* FROM "favorites" WHERE "favorites"."bench_id" IN ($1, $2)[0m  [["bench_id", 1], ["bench_id", 2]]
  [1m[35m (0.5ms)[0m  [1m[34mSELECT AVG("reviews"."rating") FROM "reviews" WHERE "reviews"."bench_id" = $1[0m  [["bench_id", 1]]
  Rendered api/benches/_bench.json.jbuilder (3.4ms)
  [1m[35m (0.4ms)[0m  [1m[34mSELECT AVG("reviews"."rating") FROM "reviews" WHERE "reviews"."bench_id" = $1[0m  [["bench_id", 2]]
  Rendered api/benches/_bench.json.jbuilder (1.1ms)
  Rendered api/benches/index.json.jbuilder (47.1ms)
Completed 200 OK in 59ms (Views: 42.7ms | ActiveRecord: 8.0ms)


  [1m[35m (1.2ms)[0m  [1m[35mCREATE DATABASE "bench_bnb_development" ENCODING = 'unicode'[0m
  [1m[35m (0.5ms)[0m  [1m[35mCREATE DATABASE "bench_bnb_test" ENCODING = 'unicode'[0m
  [1m[35m (2.0ms)[0m  [1m[34mSELECT "schema_migrations"."version" FROM "schema_migrations" ORDER BY "schema_migrations"."version" ASC[0m
  [1m[35m (0.4ms)[0m  [1m[34mSELECT "ar_internal_metadata"."value" FROM "ar_internal_metadata" WHERE "ar_internal_metadata"."key" = $1[0m  [["key", "environment"]]
  [1m[35m (0.2ms)[0m  [1m[34mSELECT "schema_migrations"."version" FROM "schema_migrations" ORDER BY "schema_migrations"."version" ASC[0m
  [1m[35m (0.1ms)[0m  [1m[34mSELECT "ar_internal_metadata"."value" FROM "ar_internal_metadata" WHERE "ar_internal_metadata"."key" = $1[0m  [["key", "environment"]]
  [1m[35m (0.1ms)[0m  [1m[34mSELECT "schema_migrations"."version" FROM "schema_migrations" ORDER BY "schema_migrations"."version" ASC[0m
  [1m[35m (0.2ms)[0m  [1m[34mSELECT "ar_internal_metadata"."value" FROM "ar_internal_metadata" WHERE "ar_internal_metadata"."key" = $1[0m  [["key", "environment"]]
  [1m[35mSQL (0.8ms)[0m  [1m[35mCREATE EXTENSION IF NOT EXISTS "plpgsql"[0m
  [1m[35m (11.3ms)[0m  [1m[35mDROP TABLE IF EXISTS "active_storage_attachments" CASCADE[0m
  [1m[35m (26.5ms)[0m  [1m[35mCREATE TABLE "active_storage_attachments" ("id" bigserial primary key, "name" character varying NOT NULL, "record_type" character varying NOT NULL, "record_id" bigint NOT NULL, "blob_id" bigint NOT NULL, "created_at" timestamp NOT NULL)[0m
  [1m[35m (8.3ms)[0m  [1m[35mCREATE  INDEX  "index_active_storage_attachments_on_blob_id" ON "active_storage_attachments"  ("blob_id")[0m
  [1m[35m (7.8ms)[0m  [1m[35mCREATE UNIQUE INDEX  "index_active_storage_attachments_uniqueness" ON "active_storage_attachments"  ("record_type", "record_id", "name", "blob_id")[0m
  [1m[35m (4.1ms)[0m  [1m[35mDROP TABLE IF EXISTS "active_storage_blobs" CASCADE[0m
  [1m[35m (13.5ms)[0m  [1m[35mCREATE TABLE "active_storage_blobs" ("id" bigserial primary key, "key" character varying NOT NULL, "filename" character varying NOT NULL, "content_type" character varying, "metadata" text, "byte_size" bigint NOT NULL, "checksum" character varying NOT NULL, "created_at" timestamp NOT NULL)[0m
  [1m[35m (7.7ms)[0m  [1m[35mCREATE UNIQUE INDEX  "index_active_storage_blobs_on_key" ON "active_storage_blobs"  ("key")[0m
  [1m[35m (3.1ms)[0m  [1m[35mDROP TABLE IF EXISTS "benches" CASCADE[0m
  [1m[35m (14.0ms)[0m  [1m[35mCREATE TABLE "benches" ("id" bigserial primary key, "description" character varying, "lat" float, "lng" float, "seating" integer DEFAULT 2 NOT NULL, "picture_url" character varying, "created_at" timestamp NOT NULL, "updated_at" timestamp NOT NULL)[0m
  [1m[35m (3.1ms)[0m  [1m[35mDROP TABLE IF EXISTS "favorites" CASCADE[0m
  [1m[35m (8.8ms)[0m  [1m[35mCREATE TABLE "favorites" ("id" bigserial primary key, "user_id" integer NOT NULL, "bench_id" integer NOT NULL, "created_at" timestamp NOT NULL, "updated_at" timestamp NOT NULL)[0m
  [1m[35m (7.8ms)[0m  [1m[35mCREATE UNIQUE INDEX  "index_favorites_on_bench_id_and_user_id" ON "favorites"  ("bench_id", "user_id")[0m
  [1m[35m (7.6ms)[0m  [1m[35mCREATE  INDEX  "index_favorites_on_bench_id" ON "favorites"  ("bench_id")[0m
  [1m[35m (7.3ms)[0m  [1m[35mCREATE  INDEX  "index_favorites_on_user_id" ON "favorites"  ("user_id")[0m
  [1m[35m (3.2ms)[0m  [1m[35mDROP TABLE IF EXISTS "reviews" CASCADE[0m
  [1m[35m (16.5ms)[0m  [1m[35mCREATE TABLE "reviews" ("id" bigserial primary key, "body" character varying DEFAULT '' NOT NULL, "rating" integer NOT NULL, "bench_id" integer NOT NULL, "created_at" timestamp NOT NULL, "updated_at" timestamp NOT NULL, "author_id" integer NOT NULL)[0m
  [1m[35m (7.3ms)[0m  [1m[35mCREATE  INDEX  "index_reviews_on_bench_id" ON "reviews"  ("bench_id")[0m
  [1m[35m (3.5ms)[0m  [1m[35mDROP TABLE IF EXISTS "users" CASCADE[0m
  [1m[35m (13.8ms)[0m  [1m[35mCREATE TABLE "users" ("id" bigserial primary key, "username" character varying NOT NULL, "password_digest" character varying NOT NULL, "session_token" character varying NOT NULL, "created_at" timestamp NOT NULL, "updated_at" timestamp NOT NULL)[0m
  [1m[35m (7.7ms)[0m  [1m[35mCREATE UNIQUE INDEX  "index_users_on_session_token" ON "users"  ("session_token")[0m
  [1m[35m (7.7ms)[0m  [1m[35mCREATE UNIQUE INDEX  "index_users_on_username" ON "users"  ("username")[0m
  [1m[35m (1.8ms)[0m  [1m[34mSELECT "schema_migrations"."version" FROM "schema_migrations" ORDER BY "schema_migrations"."version" ASC[0m
  [1m[36mActiveRecord::InternalMetadata Load (0.2ms)[0m  [1m[34mSELECT  "ar_internal_metadata".* FROM "ar_internal_metadata" WHERE "ar_internal_metadata"."key" = $1 LIMIT $2[0m  [["key", "environment"], ["LIMIT", 1]]
  [1m[35m (0.1ms)[0m  [1m[35mBEGIN[0m
  [1m[35m (0.1ms)[0m  [1m[35mCOMMIT[0m
  [1m[36mActiveRecord::InternalMetadata Load (0.2ms)[0m  [1m[34mSELECT  "ar_internal_metadata".* FROM "ar_internal_metadata" WHERE "ar_internal_metadata"."key" = $1 LIMIT $2[0m  [["key", "environment"], ["LIMIT", 1]]
  [1m[35m (0.1ms)[0m  [1m[35mBEGIN[0m
  [1m[35m (0.1ms)[0m  [1m[35mCOMMIT[0m
  [1m[35mSQL (0.6ms)[0m  [1m[35mCREATE EXTENSION IF NOT EXISTS "plpgsql"[0m
  [1m[35m (7.9ms)[0m  [1m[35mDROP TABLE IF EXISTS "active_storage_attachments" CASCADE[0m
  [1m[35m (19.8ms)[0m  [1m[35mCREATE TABLE "active_storage_attachments" ("id" bigserial primary key, "name" character varying NOT NULL, "record_type" character varying NOT NULL, "record_id" bigint NOT NULL, "blob_id" bigint NOT NULL, "created_at" timestamp NOT NULL)[0m
  [1m[35m (7.4ms)[0m  [1m[35mCREATE  INDEX  "index_active_storage_attachments_on_blob_id" ON "active_storage_attachments"  ("blob_id")[0m
  [1m[35m (7.7ms)[0m  [1m[35mCREATE UNIQUE INDEX  "index_active_storage_attachments_uniqueness" ON "active_storage_attachments"  ("record_type", "record_id", "name", "blob_id")[0m
  [1m[35m (3.2ms)[0m  [1m[35mDROP TABLE IF EXISTS "active_storage_blobs" CASCADE[0m
  [1m[35m (13.5ms)[0m  [1m[35mCREATE TABLE "active_storage_blobs" ("id" bigserial primary key, "key" character varying NOT NULL, "filename" character varying NOT NULL, "content_type" character varying, "metadata" text, "byte_size" bigint NOT NULL, "checksum" character varying NOT NULL, "created_at" timestamp NOT NULL)[0m
  [1m[35m (7.7ms)[0m  [1m[35mCREATE UNIQUE INDEX  "index_active_storage_blobs_on_key" ON "active_storage_blobs"  ("key")[0m
  [1m[35m (3.4ms)[0m  [1m[35mDROP TABLE IF EXISTS "benches" CASCADE[0m
  [1m[35m (13.1ms)[0m  [1m[35mCREATE TABLE "benches" ("id" bigserial primary key, "description" character varying, "lat" float, "lng" float, "seating" integer DEFAULT 2 NOT NULL, "picture_url" character varying, "created_at" timestamp NOT NULL, "updated_at" timestamp NOT NULL)[0m
  [1m[35m (3.7ms)[0m  [1m[35mDROP TABLE IF EXISTS "favorites" CASCADE[0m
  [1m[35m (8.6ms)[0m  [1m[35mCREATE TABLE "favorites" ("id" bigserial primary key, "user_id" integer NOT NULL, "bench_id" integer NOT NULL, "created_at" timestamp NOT NULL, "updated_at" timestamp NOT NULL)[0m
  [1m[35m (7.7ms)[0m  [1m[35mCREATE UNIQUE INDEX  "index_favorites_on_bench_id_and_user_id" ON "favorites"  ("bench_id", "user_id")[0m
  [1m[35m (7.6ms)[0m  [1m[35mCREATE  INDEX  "index_favorites_on_bench_id" ON "favorites"  ("bench_id")[0m
  [1m[35m (7.6ms)[0m  [1m[35mCREATE  INDEX  "index_favorites_on_user_id" ON "favorites"  ("user_id")[0m
  [1m[35m (3.6ms)[0m  [1m[35mDROP TABLE IF EXISTS "reviews" CASCADE[0m
  [1m[35m (13.9ms)[0m  [1m[35mCREATE TABLE "reviews" ("id" bigserial primary key, "body" character varying DEFAULT '' NOT NULL, "rating" integer NOT NULL, "bench_id" integer NOT NULL, "created_at" timestamp NOT NULL, "updated_at" timestamp NOT NULL, "author_id" integer NOT NULL)[0m
  [1m[35m (7.7ms)[0m  [1m[35mCREATE  INDEX  "index_reviews_on_bench_id" ON "reviews"  ("bench_id")[0m
  [1m[35m (3.4ms)[0m  [1m[35mDROP TABLE IF EXISTS "users" CASCADE[0m
  [1m[35m (13.3ms)[0m  [1m[35mCREATE TABLE "users" ("id" bigserial primary key, "username" character varying NOT NULL, "password_digest" character varying NOT NULL, "session_token" character varying NOT NULL, "created_at" timestamp NOT NULL, "updated_at" timestamp NOT NULL)[0m
  [1m[35m (8.5ms)[0m  [1m[35mCREATE UNIQUE INDEX  "index_users_on_session_token" ON "users"  ("session_token")[0m
  [1m[35m (7.5ms)[0m  [1m[35mCREATE UNIQUE INDEX  "index_users_on_username" ON "users"  ("username")[0m
  [1m[35m (0.7ms)[0m  [1m[34mSELECT "schema_migrations"."version" FROM "schema_migrations" ORDER BY "schema_migrations"."version" ASC[0m
  [1m[36mActiveRecord::InternalMetadata Load (0.5ms)[0m  [1m[34mSELECT  "ar_internal_metadata".* FROM "ar_internal_metadata" WHERE "ar_internal_metadata"."key" = $1 LIMIT $2[0m  [["key", "environment"], ["LIMIT", 1]]
  [1m[35m (0.1ms)[0m  [1m[35mBEGIN[0m
  [1m[36mActiveRecord::InternalMetadata Update (0.3ms)[0m  [1m[33mUPDATE "ar_internal_metadata" SET "value" = $1, "updated_at" = $2 WHERE "ar_internal_metadata"."key" = $3[0m  [["value", "development"], ["updated_at", "2018-11-27 21:23:49.424895"], ["key", "environment"]]
  [1m[35m (2.4ms)[0m  [1m[35mCOMMIT[0m
  [1m[36mActiveRecord::InternalMetadata Load (0.1ms)[0m  [1m[34mSELECT  "ar_internal_metadata".* FROM "ar_internal_metadata" WHERE "ar_internal_metadata"."key" = $1 LIMIT $2[0m  [["key", "environment"], ["LIMIT", 1]]
  [1m[35m (0.2ms)[0m  [1m[35mBEGIN[0m
  [1m[36mActiveRecord::InternalMetadata Update (0.2ms)[0m  [1m[33mUPDATE "ar_internal_metadata" SET "value" = $1, "updated_at" = $2 WHERE "ar_internal_metadata"."key" = $3[0m  [["value", "test"], ["updated_at", "2018-11-27 21:23:49.429542"], ["key", "environment"]]
  [1m[35m (2.5ms)[0m  [1m[35mCOMMIT[0m
  [1m[35m (0.7ms)[0m  [1m[34mSELECT "schema_migrations"."version" FROM "schema_migrations" ORDER BY "schema_migrations"."version" ASC[0m
  [1m[36mBench Destroy (0.4ms)[0m  [1m[31mDELETE FROM "benches"[0m
  [1m[36mUser Destroy (0.4ms)[0m  [1m[31mDELETE FROM "users"[0m
  [1m[35m (0.2ms)[0m  [1m[35mBEGIN[0m
  [1m[36mBench Create (0.6ms)[0m  [1m[32mINSERT INTO "benches" ("description", "lat", "lng", "seating", "picture_url", "created_at", "updated_at") VALUES ($1, $2, $3, $4, $5, $6, $7) RETURNING "id"[0m  [["description", "alamo square, many dogs"], ["lat", 37.775769], ["lng", -122.43496], ["seating", 4], ["picture_url", "https://c2.staticflickr.com/4/3035/2309664044_486f5a0327_z.jpg?zz=1"], ["created_at", "2018-11-27 21:23:49.480975"], ["updated_at", "2018-11-27 21:23:49.480975"]]
  [1m[35m (2.5ms)[0m  [1m[35mCOMMIT[0m
  [1m[35m (0.2ms)[0m  [1m[35mBEGIN[0m
  [1m[36mBench Create (0.4ms)[0m  [1m[32mINSERT INTO "benches" ("description", "lat", "lng", "picture_url", "created_at", "updated_at") VALUES ($1, $2, $3, $4, $5, $6) RETURNING "id"[0m  [["description", "UN plaza, food truck access"], ["lat", 37.77976], ["lng", -122.41382], ["picture_url", "http://www.concretedecor.net/CD/assets/Image/archives/CD1405/1405i_Page_32_Image_0001_600.jpg"], ["created_at", "2018-11-27 21:23:49.486851"], ["updated_at", "2018-11-27 21:23:49.486851"]]
  [1m[35m (2.7ms)[0m  [1m[35mCOMMIT[0m
  [1m[35m (0.1ms)[0m  [1m[35mBEGIN[0m
  [1m[36mBench Create (0.2ms)[0m  [1m[32mINSERT INTO "benches" ("description", "lat", "lng", "seating", "picture_url", "created_at", "updated_at") VALUES ($1, $2, $3, $4, $5, $6, $7) RETURNING "id"[0m  [["description", "Ocean Beach, gnarly breh"], ["lat", 37.769996], ["lng", -122.511281], ["seating", 3], ["picture_url", "http://marmaladeandmileposts.com/wp-content/uploads/2012/05/2012-4-16-San-Francisco-Road-Trip-San-Francisco-1301.jpg"], ["created_at", "2018-11-27 21:23:49.492351"], ["updated_at", "2018-11-27 21:23:49.492351"]]
  [1m[35m (2.5ms)[0m  [1m[35mCOMMIT[0m
  [1m[36mUser Load (0.2ms)[0m  [1m[34mSELECT  "users".* FROM "users" WHERE "users"."session_token" = $1 LIMIT $2[0m  [["session_token", "U-sw355XrSETSZlkP8Ua9w"], ["LIMIT", 1]]
  [1m[35m (0.1ms)[0m  [1m[35mBEGIN[0m
  [1m[36mUser Exists (0.2ms)[0m  [1m[34mSELECT  1 AS one FROM "users" WHERE "users"."username" = $1 LIMIT $2[0m  [["username", "guest"], ["LIMIT", 1]]
  [1m[36mUser Create (0.4ms)[0m  [1m[32mINSERT INTO "users" ("username", "password_digest", "session_token", "created_at", "updated_at") VALUES ($1, $2, $3, $4, $5) RETURNING "id"[0m  [["username", "guest"], ["password_digest", "$2a$10$YxphcZRKBHe3NdxUeMscG.KRTf05Eel4c/TFwAg1jF6ZI7OdYt6iK"], ["session_token", "U-sw355XrSETSZlkP8Ua9w"], ["created_at", "2018-11-27 21:23:49.592708"], ["updated_at", "2018-11-27 21:23:49.592708"]]
  [1m[35m (2.8ms)[0m  [1m[35mCOMMIT[0m
Started GET "/" for 127.0.0.1 at 2018-11-27 16:26:59 -0500
  [1m[35m (0.4ms)[0m  [1m[34mSELECT "schema_migrations"."version" FROM "schema_migrations" ORDER BY "schema_migrations"."version" ASC[0m
Processing by StaticPagesController#root as HTML
  Rendering static_pages/root.html.erb within layouts/application
  Rendered static_pages/root.html.erb within layouts/application (3.5ms)
Completed 200 OK in 1057ms (Views: 1056.1ms | ActiveRecord: 0.0ms)


Started GET "/api/benches?bounds%5BnorthEast%5D%5Blat%5D=37.80788593713507&bounds%5BnorthEast%5D%5Blng%5D=-122.38838165576169&bounds%5BsouthWest%5D%5Blat%5D=37.74004249934129&bounds%5BsouthWest%5D%5Blng%5D=-122.47421234423825&minSeating=1&maxSeating=10" for 127.0.0.1 at 2018-11-27 16:27:01 -0500
Processing by Api::BenchesController#index as JSON
  Parameters: {"bounds"=>{"northEast"=>{"lat"=>"37.80788593713507", "lng"=>"-122.38838165576169"}, "southWest"=>{"lat"=>"37.74004249934129", "lng"=>"-122.47421234423825"}}, "minSeating"=>"1", "maxSeating"=>"10"}
  Rendering api/benches/index.json.jbuilder
  [1m[36mBench Load (0.9ms)[0m  [1m[34mSELECT "benches".* FROM "benches" WHERE (lat < '37.80788593713507') AND (lat > '37.74004249934129') AND (lng > '-122.47421234423825') AND (lng < '-122.38838165576169') AND "benches"."seating" BETWEEN $1 AND $2[0m  [["seating", 1], ["seating", 10]]
  [1m[36mReview Load (0.3ms)[0m  [1m[34mSELECT "reviews".* FROM "reviews" WHERE "reviews"."bench_id" IN ($1, $2)[0m  [["bench_id", 1], ["bench_id", 2]]
  [1m[36mFavorite Load (0.3ms)[0m  [1m[34mSELECT "favorites".* FROM "favorites" WHERE "favorites"."bench_id" IN ($1, $2)[0m  [["bench_id", 1], ["bench_id", 2]]
  [1m[35m (0.4ms)[0m  [1m[34mSELECT AVG("reviews"."rating") FROM "reviews" WHERE "reviews"."bench_id" = $1[0m  [["bench_id", 1]]
  Rendered api/benches/_bench.json.jbuilder (3.2ms)
  [1m[35m (0.2ms)[0m  [1m[34mSELECT AVG("reviews"."rating") FROM "reviews" WHERE "reviews"."bench_id" = $1[0m  [["bench_id", 2]]
  Rendered api/benches/_bench.json.jbuilder (0.7ms)
  Rendered api/benches/index.json.jbuilder (42.7ms)
Completed 200 OK in 54ms (Views: 37.8ms | ActiveRecord: 9.1ms)


Started GET "/" for 127.0.0.1 at 2018-11-28 10:20:23 -0500
  [1m[35m (0.7ms)[0m  [1m[34mSELECT "schema_migrations"."version" FROM "schema_migrations" ORDER BY "schema_migrations"."version" ASC[0m
Processing by StaticPagesController#root as HTML
  Rendering static_pages/root.html.erb within layouts/application
  Rendered static_pages/root.html.erb within layouts/application (3.7ms)
Completed 200 OK in 719ms (Views: 717.3ms | ActiveRecord: 0.0ms)


Started GET "/" for 127.0.0.1 at 2018-11-28 10:23:09 -0500
Processing by StaticPagesController#root as HTML
  Rendering static_pages/root.html.erb within layouts/application
  Rendered static_pages/root.html.erb within layouts/application (3.6ms)
Completed 200 OK in 369ms (Views: 367.1ms | ActiveRecord: 0.0ms)


Started GET "/" for 127.0.0.1 at 2018-11-28 10:23:33 -0500
Processing by StaticPagesController#root as HTML
  Rendering static_pages/root.html.erb within layouts/application
  Rendered static_pages/root.html.erb within layouts/application (4.8ms)
Completed 200 OK in 321ms (Views: 318.8ms | ActiveRecord: 0.0ms)


